E, [2015-04-15T12:50:10.367069 #2906] ERROR -- Kitchen: ------Exception-------
E, [2015-04-15T12:50:10.367341 #2906] ERROR -- Kitchen: Class: Kitchen::UserError
E, [2015-04-15T12:50:10.367379 #2906] ERROR -- Kitchen: Message: Error parsing /home/vagrant/myfirstcookbook/.kitchen.yml as YAML.
Please run `kitchen diagnose --no-instances --loader' to help debug your issue.
E, [2015-04-15T12:50:10.367405 #2906] ERROR -- Kitchen: ---Nested Exception---
E, [2015-04-15T12:50:10.367429 #2906] ERROR -- Kitchen: Class: Psych::SyntaxError
E, [2015-04-15T12:50:10.367451 #2906] ERROR -- Kitchen: Message: (<unknown>): mapping values are not allowed in this context at line 4 column 9
E, [2015-04-15T12:50:10.367473 #2906] ERROR -- Kitchen: ------Backtrace-------
E, [2015-04-15T12:50:10.367499 #2906] ERROR -- Kitchen: /opt/chefdk/embedded/apps/test-kitchen/lib/kitchen/loader/yaml.rb:343:in `rescue in parse_yaml_string'
E, [2015-04-15T12:50:10.367525 #2906] ERROR -- Kitchen: /opt/chefdk/embedded/apps/test-kitchen/lib/kitchen/loader/yaml.rb:332:in `parse_yaml_string'
E, [2015-04-15T12:50:10.367552 #2906] ERROR -- Kitchen: /opt/chefdk/embedded/apps/test-kitchen/lib/kitchen/loader/yaml.rb:138:in `yaml'
E, [2015-04-15T12:50:10.367573 #2906] ERROR -- Kitchen: /opt/chefdk/embedded/apps/test-kitchen/lib/kitchen/loader/yaml.rb:126:in `combined_hash'
E, [2015-04-15T12:50:10.367594 #2906] ERROR -- Kitchen: /opt/chefdk/embedded/apps/test-kitchen/lib/kitchen/loader/yaml.rb:77:in `read'
E, [2015-04-15T12:50:10.367615 #2906] ERROR -- Kitchen: /opt/chefdk/embedded/apps/test-kitchen/lib/kitchen/config.rb:139:in `data'
E, [2015-04-15T12:50:10.367635 #2906] ERROR -- Kitchen: /opt/chefdk/embedded/apps/test-kitchen/lib/kitchen/config.rb:118:in `suites'
E, [2015-04-15T12:50:10.367655 #2906] ERROR -- Kitchen: /opt/chefdk/embedded/apps/test-kitchen/lib/kitchen/config.rb:169:in `filter_instances'
E, [2015-04-15T12:50:10.367689 #2906] ERROR -- Kitchen: /opt/chefdk/embedded/apps/test-kitchen/lib/kitchen/config.rb:128:in `build_instances'
E, [2015-04-15T12:50:10.367710 #2906] ERROR -- Kitchen: /opt/chefdk/embedded/apps/test-kitchen/lib/kitchen/config.rb:104:in `instances'
E, [2015-04-15T12:50:10.367730 #2906] ERROR -- Kitchen: /opt/chefdk/embedded/apps/test-kitchen/lib/kitchen/command.rb:115:in `filtered_instances'
E, [2015-04-15T12:50:10.367760 #2906] ERROR -- Kitchen: /opt/chefdk/embedded/apps/test-kitchen/lib/kitchen/command.rb:145:in `parse_subcommand'
E, [2015-04-15T12:50:10.367779 #2906] ERROR -- Kitchen: /opt/chefdk/embedded/apps/test-kitchen/lib/kitchen/command/list.rb:32:in `call'
E, [2015-04-15T12:50:10.367798 #2906] ERROR -- Kitchen: /opt/chefdk/embedded/apps/test-kitchen/lib/kitchen/cli.rb:56:in `perform'
E, [2015-04-15T12:50:10.367816 #2906] ERROR -- Kitchen: /opt/chefdk/embedded/apps/test-kitchen/lib/kitchen/cli.rb:97:in `list'
E, [2015-04-15T12:50:10.367835 #2906] ERROR -- Kitchen: /opt/chefdk/embedded/lib/ruby/gems/2.1.0/gems/thor-0.19.1/lib/thor/command.rb:27:in `run'
E, [2015-04-15T12:50:10.367853 #2906] ERROR -- Kitchen: /opt/chefdk/embedded/lib/ruby/gems/2.1.0/gems/thor-0.19.1/lib/thor/invocation.rb:126:in `invoke_command'
E, [2015-04-15T12:50:10.367872 #2906] ERROR -- Kitchen: /opt/chefdk/embedded/apps/test-kitchen/lib/kitchen/cli.rb:304:in `invoke_task'
E, [2015-04-15T12:50:10.367895 #2906] ERROR -- Kitchen: /opt/chefdk/embedded/lib/ruby/gems/2.1.0/gems/thor-0.19.1/lib/thor.rb:359:in `dispatch'
E, [2015-04-15T12:50:10.367913 #2906] ERROR -- Kitchen: /opt/chefdk/embedded/lib/ruby/gems/2.1.0/gems/thor-0.19.1/lib/thor/base.rb:440:in `start'
E, [2015-04-15T12:50:10.367932 #2906] ERROR -- Kitchen: /opt/chefdk/embedded/apps/test-kitchen/bin/kitchen:13:in `block in <top (required)>'
E, [2015-04-15T12:50:10.367950 #2906] ERROR -- Kitchen: /opt/chefdk/embedded/apps/test-kitchen/lib/kitchen/errors.rb:154:in `with_friendly_errors'
E, [2015-04-15T12:50:10.367969 #2906] ERROR -- Kitchen: /opt/chefdk/embedded/apps/test-kitchen/bin/kitchen:13:in `<top (required)>'
E, [2015-04-15T12:50:10.367987 #2906] ERROR -- Kitchen: /opt/chefdk/bin/kitchen:15:in `load'
E, [2015-04-15T12:50:10.368005 #2906] ERROR -- Kitchen: /opt/chefdk/bin/kitchen:15:in `<main>'
E, [2015-04-15T12:50:10.368029 #2906] ERROR -- Kitchen: ----------------------
E, [2015-04-15T12:50:23.225384 #2909] ERROR -- Kitchen: ------Exception-------
E, [2015-04-15T12:50:23.225491 #2909] ERROR -- Kitchen: Class: Kitchen::ClientError
E, [2015-04-15T12:50:23.225524 #2909] ERROR -- Kitchen: Message: Could not load the 'docker' driver from the load path. Please ensure that your driver is installed as a gem or included in your Gemfile if using Bundler.
E, [2015-04-15T12:50:23.225560 #2909] ERROR -- Kitchen: ---Nested Exception---
E, [2015-04-15T12:50:23.225584 #2909] ERROR -- Kitchen: Class: LoadError
E, [2015-04-15T12:50:23.225606 #2909] ERROR -- Kitchen: Message: cannot load such file -- kitchen/driver/docker
E, [2015-04-15T12:50:23.225628 #2909] ERROR -- Kitchen: ------Backtrace-------
E, [2015-04-15T12:50:23.225650 #2909] ERROR -- Kitchen: /opt/chefdk/embedded/apps/test-kitchen/lib/kitchen/driver.rb:50:in `rescue in for_plugin'
E, [2015-04-15T12:50:23.225677 #2909] ERROR -- Kitchen: /opt/chefdk/embedded/apps/test-kitchen/lib/kitchen/driver.rb:40:in `for_plugin'
E, [2015-04-15T12:50:23.225700 #2909] ERROR -- Kitchen: /opt/chefdk/embedded/apps/test-kitchen/lib/kitchen/config.rb:226:in `new_driver'
E, [2015-04-15T12:50:23.225722 #2909] ERROR -- Kitchen: /opt/chefdk/embedded/apps/test-kitchen/lib/kitchen/config.rb:240:in `new_instance'
E, [2015-04-15T12:50:23.225744 #2909] ERROR -- Kitchen: /opt/chefdk/embedded/apps/test-kitchen/lib/kitchen/config.rb:129:in `block in build_instances'
E, [2015-04-15T12:50:23.225772 #2909] ERROR -- Kitchen: /opt/chefdk/embedded/apps/test-kitchen/lib/kitchen/config.rb:128:in `map'
E, [2015-04-15T12:50:23.225799 #2909] ERROR -- Kitchen: /opt/chefdk/embedded/apps/test-kitchen/lib/kitchen/config.rb:128:in `with_index'
E, [2015-04-15T12:50:23.225820 #2909] ERROR -- Kitchen: /opt/chefdk/embedded/apps/test-kitchen/lib/kitchen/config.rb:128:in `build_instances'
E, [2015-04-15T12:50:23.225850 #2909] ERROR -- Kitchen: /opt/chefdk/embedded/apps/test-kitchen/lib/kitchen/config.rb:104:in `instances'
E, [2015-04-15T12:50:23.225869 #2909] ERROR -- Kitchen: /opt/chefdk/embedded/apps/test-kitchen/lib/kitchen/command.rb:115:in `filtered_instances'
E, [2015-04-15T12:50:23.225901 #2909] ERROR -- Kitchen: /opt/chefdk/embedded/apps/test-kitchen/lib/kitchen/command.rb:145:in `parse_subcommand'
E, [2015-04-15T12:50:23.225932 #2909] ERROR -- Kitchen: /opt/chefdk/embedded/apps/test-kitchen/lib/kitchen/command/list.rb:32:in `call'
E, [2015-04-15T12:50:23.225954 #2909] ERROR -- Kitchen: /opt/chefdk/embedded/apps/test-kitchen/lib/kitchen/cli.rb:56:in `perform'
E, [2015-04-15T12:50:23.225974 #2909] ERROR -- Kitchen: /opt/chefdk/embedded/apps/test-kitchen/lib/kitchen/cli.rb:97:in `list'
E, [2015-04-15T12:50:23.226020 #2909] ERROR -- Kitchen: /opt/chefdk/embedded/lib/ruby/gems/2.1.0/gems/thor-0.19.1/lib/thor/command.rb:27:in `run'
E, [2015-04-15T12:50:23.226040 #2909] ERROR -- Kitchen: /opt/chefdk/embedded/lib/ruby/gems/2.1.0/gems/thor-0.19.1/lib/thor/invocation.rb:126:in `invoke_command'
E, [2015-04-15T12:50:23.226060 #2909] ERROR -- Kitchen: /opt/chefdk/embedded/apps/test-kitchen/lib/kitchen/cli.rb:304:in `invoke_task'
E, [2015-04-15T12:50:23.226079 #2909] ERROR -- Kitchen: /opt/chefdk/embedded/lib/ruby/gems/2.1.0/gems/thor-0.19.1/lib/thor.rb:359:in `dispatch'
E, [2015-04-15T12:50:23.226097 #2909] ERROR -- Kitchen: /opt/chefdk/embedded/lib/ruby/gems/2.1.0/gems/thor-0.19.1/lib/thor/base.rb:440:in `start'
E, [2015-04-15T12:50:23.226116 #2909] ERROR -- Kitchen: /opt/chefdk/embedded/apps/test-kitchen/bin/kitchen:13:in `block in <top (required)>'
E, [2015-04-15T12:50:23.226135 #2909] ERROR -- Kitchen: /opt/chefdk/embedded/apps/test-kitchen/lib/kitchen/errors.rb:154:in `with_friendly_errors'
E, [2015-04-15T12:50:23.226153 #2909] ERROR -- Kitchen: /opt/chefdk/embedded/apps/test-kitchen/bin/kitchen:13:in `<top (required)>'
E, [2015-04-15T12:50:23.226171 #2909] ERROR -- Kitchen: /opt/chefdk/bin/kitchen:15:in `load'
E, [2015-04-15T12:50:23.226189 #2909] ERROR -- Kitchen: /opt/chefdk/bin/kitchen:15:in `<main>'
E, [2015-04-15T12:50:23.226218 #2909] ERROR -- Kitchen: ----------------------
E, [2015-04-15T12:51:37.521976 #3186] ERROR -- Kitchen: ------Exception-------
E, [2015-04-15T12:51:37.522099 #3186] ERROR -- Kitchen: Class: Kitchen::UserError
E, [2015-04-15T12:51:37.522153 #3186] ERROR -- Kitchen: Message: You must first install the Docker CLI tool http://www.docker.io/gettingstarted/
E, [2015-04-15T12:51:37.522179 #3186] ERROR -- Kitchen: ---Nested Exception---
E, [2015-04-15T12:51:37.522202 #3186] ERROR -- Kitchen: Class: Kitchen::ShellOut::ShellCommandFailed
E, [2015-04-15T12:51:37.522225 #3186] ERROR -- Kitchen: Message: Expected process to exit with [0], but received '1'
---- Begin output of sudo -E /usr/bin/docker >> /dev/null 2>&1 ----
STDOUT: 
STDERR: 
---- End output of sudo -E /usr/bin/docker >> /dev/null 2>&1 ----
Ran sudo -E /usr/bin/docker >> /dev/null 2>&1 returned 1
E, [2015-04-15T12:51:37.522248 #3186] ERROR -- Kitchen: ------Backtrace-------
E, [2015-04-15T12:51:37.522270 #3186] ERROR -- Kitchen: /home/vagrant/.chefdk/gem/ruby/2.1.0/gems/kitchen-docker-2.0.0/lib/kitchen/driver/docker.rb:68:in `rescue in verify_dependencies'
E, [2015-04-15T12:51:37.522292 #3186] ERROR -- Kitchen: /home/vagrant/.chefdk/gem/ruby/2.1.0/gems/kitchen-docker-2.0.0/lib/kitchen/driver/docker.rb:66:in `verify_dependencies'
E, [2015-04-15T12:51:37.522314 #3186] ERROR -- Kitchen: /opt/chefdk/embedded/apps/test-kitchen/lib/kitchen/driver.rb:45:in `for_plugin'
E, [2015-04-15T12:51:37.522335 #3186] ERROR -- Kitchen: /opt/chefdk/embedded/apps/test-kitchen/lib/kitchen/config.rb:226:in `new_driver'
E, [2015-04-15T12:51:37.522356 #3186] ERROR -- Kitchen: /opt/chefdk/embedded/apps/test-kitchen/lib/kitchen/config.rb:240:in `new_instance'
E, [2015-04-15T12:51:37.522376 #3186] ERROR -- Kitchen: /opt/chefdk/embedded/apps/test-kitchen/lib/kitchen/config.rb:129:in `block in build_instances'
E, [2015-04-15T12:51:37.522402 #3186] ERROR -- Kitchen: /opt/chefdk/embedded/apps/test-kitchen/lib/kitchen/config.rb:128:in `map'
E, [2015-04-15T12:51:37.522423 #3186] ERROR -- Kitchen: /opt/chefdk/embedded/apps/test-kitchen/lib/kitchen/config.rb:128:in `with_index'
E, [2015-04-15T12:51:37.522444 #3186] ERROR -- Kitchen: /opt/chefdk/embedded/apps/test-kitchen/lib/kitchen/config.rb:128:in `build_instances'
E, [2015-04-15T12:51:37.522464 #3186] ERROR -- Kitchen: /opt/chefdk/embedded/apps/test-kitchen/lib/kitchen/config.rb:104:in `instances'
E, [2015-04-15T12:51:37.522495 #3186] ERROR -- Kitchen: /opt/chefdk/embedded/apps/test-kitchen/lib/kitchen/command.rb:115:in `filtered_instances'
E, [2015-04-15T12:51:37.522516 #3186] ERROR -- Kitchen: /opt/chefdk/embedded/apps/test-kitchen/lib/kitchen/command.rb:145:in `parse_subcommand'
E, [2015-04-15T12:51:37.522560 #3186] ERROR -- Kitchen: /opt/chefdk/embedded/apps/test-kitchen/lib/kitchen/command/list.rb:32:in `call'
E, [2015-04-15T12:51:37.522581 #3186] ERROR -- Kitchen: /opt/chefdk/embedded/apps/test-kitchen/lib/kitchen/cli.rb:56:in `perform'
E, [2015-04-15T12:51:37.522602 #3186] ERROR -- Kitchen: /opt/chefdk/embedded/apps/test-kitchen/lib/kitchen/cli.rb:97:in `list'
E, [2015-04-15T12:51:37.522623 #3186] ERROR -- Kitchen: /opt/chefdk/embedded/lib/ruby/gems/2.1.0/gems/thor-0.19.1/lib/thor/command.rb:27:in `run'
E, [2015-04-15T12:51:37.522644 #3186] ERROR -- Kitchen: /opt/chefdk/embedded/lib/ruby/gems/2.1.0/gems/thor-0.19.1/lib/thor/invocation.rb:126:in `invoke_command'
E, [2015-04-15T12:51:37.522669 #3186] ERROR -- Kitchen: /opt/chefdk/embedded/apps/test-kitchen/lib/kitchen/cli.rb:304:in `invoke_task'
E, [2015-04-15T12:51:37.522690 #3186] ERROR -- Kitchen: /opt/chefdk/embedded/lib/ruby/gems/2.1.0/gems/thor-0.19.1/lib/thor.rb:359:in `dispatch'
E, [2015-04-15T12:51:37.522710 #3186] ERROR -- Kitchen: /opt/chefdk/embedded/lib/ruby/gems/2.1.0/gems/thor-0.19.1/lib/thor/base.rb:440:in `start'
E, [2015-04-15T12:51:37.522730 #3186] ERROR -- Kitchen: /opt/chefdk/embedded/apps/test-kitchen/bin/kitchen:13:in `block in <top (required)>'
E, [2015-04-15T12:51:37.522751 #3186] ERROR -- Kitchen: /opt/chefdk/embedded/apps/test-kitchen/lib/kitchen/errors.rb:154:in `with_friendly_errors'
E, [2015-04-15T12:51:37.522782 #3186] ERROR -- Kitchen: /opt/chefdk/embedded/apps/test-kitchen/bin/kitchen:13:in `<top (required)>'
E, [2015-04-15T12:51:37.522803 #3186] ERROR -- Kitchen: /opt/chefdk/bin/kitchen:15:in `load'
E, [2015-04-15T12:51:37.522823 #3186] ERROR -- Kitchen: /opt/chefdk/bin/kitchen:15:in `<main>'
E, [2015-04-15T12:51:37.522843 #3186] ERROR -- Kitchen: ----------------------
I, [2015-04-15T12:53:39.803348 #5759]  INFO -- Kitchen: -----> Starting Kitchen (v1.3.1)
I, [2015-04-15T12:53:40.135620 #5759]  INFO -- Kitchen: -----> Creating <default-ubuntu-1204>...
I, [2015-04-15T12:55:56.296474 #5759]  INFO -- Kitchen: -----> Kitchen is finished. (2m16.49s)
I, [2015-04-15T12:56:32.121478 #10655]  INFO -- Kitchen: -----> Starting Kitchen (v1.3.1)
I, [2015-04-15T12:56:32.526712 #10655]  INFO -- Kitchen: -----> Converging <default-ubuntu-1204>...
E, [2015-04-15T12:57:48.378345 #10655] ERROR -- Kitchen: Converge failed on instance <default-ubuntu-1204>.
I, [2015-04-15T12:58:51.587224 #11115]  INFO -- Kitchen: -----> Starting Kitchen (v1.3.1)
I, [2015-04-15T12:58:52.158389 #11115]  INFO -- Kitchen: -----> Converging <default-ubuntu-1204>...
E, [2015-04-15T12:58:56.936428 #11115] ERROR -- Kitchen: Converge failed on instance <default-ubuntu-1204>.
I, [2015-04-15T12:59:18.346626 #11321]  INFO -- Kitchen: -----> Starting Kitchen (v1.3.1)
I, [2015-04-15T12:59:18.690083 #11321]  INFO -- Kitchen: -----> Converging <default-ubuntu-1204>...
E, [2015-04-15T12:59:23.253113 #11321] ERROR -- Kitchen: Converge failed on instance <default-ubuntu-1204>.
I, [2015-04-15T12:59:54.148144 #11528]  INFO -- Kitchen: -----> Starting Kitchen (v1.3.1)
I, [2015-04-15T12:59:54.480399 #11528]  INFO -- Kitchen: -----> Converging <default-ubuntu-1204>...
E, [2015-04-15T13:00:09.001180 #11528] ERROR -- Kitchen: Converge failed on instance <default-ubuntu-1204>.
I, [2015-04-15T13:00:30.403932 #11970]  INFO -- Kitchen: -----> Starting Kitchen (v1.3.1)
I, [2015-04-15T13:00:30.764123 #11970]  INFO -- Kitchen: -----> Converging <default-ubuntu-1204>...
E, [2015-04-15T13:00:37.718639 #11970] ERROR -- Kitchen: Converge failed on instance <default-ubuntu-1204>.
I, [2015-04-15T13:01:09.205727 #12183]  INFO -- Kitchen: -----> Starting Kitchen (v1.3.1)
I, [2015-04-15T13:01:09.562723 #12183]  INFO -- Kitchen: -----> Converging <default-ubuntu-1204>...
E, [2015-04-15T13:01:16.154215 #12183] ERROR -- Kitchen: Converge failed on instance <default-ubuntu-1204>.
I, [2015-04-15T13:02:44.378316 #12397]  INFO -- Kitchen: -----> Starting Kitchen (v1.3.1)
I, [2015-04-15T13:02:44.721509 #12397]  INFO -- Kitchen: -----> Converging <default-ubuntu-1204>...
E, [2015-04-15T13:02:51.286014 #12397] ERROR -- Kitchen: Converge failed on instance <default-ubuntu-1204>.
I, [2015-04-15T13:03:17.299801 #12618]  INFO -- Kitchen: -----> Starting Kitchen (v1.3.1)
I, [2015-04-15T13:03:17.626099 #12618]  INFO -- Kitchen: -----> Converging <default-ubuntu-1204>...
E, [2015-04-15T13:03:24.147204 #12618] ERROR -- Kitchen: Converge failed on instance <default-ubuntu-1204>.
I, [2015-04-15T13:05:03.191348 #12913]  INFO -- Kitchen: -----> Starting Kitchen (v1.3.1)
I, [2015-04-15T13:05:03.529119 #12913]  INFO -- Kitchen: -----> Converging <default-ubuntu-1204>...
I, [2015-04-15T13:05:13.723900 #12913]  INFO -- Kitchen: -----> Kitchen is finished. (0m10.53s)
I, [2015-04-15T13:06:57.550480 #1504]  INFO -- Kitchen: -----> Starting Kitchen (v1.3.1)
I, [2015-04-15T13:06:58.013431 #1504]  INFO -- Kitchen: -----> Converging <default-ubuntu-1204>...
I, [2015-04-15T13:07:05.413027 #1504]  INFO -- Kitchen: -----> Kitchen is finished. (0m7.86s)
I, [2015-04-15T13:18:11.968747 #1870]  INFO -- Kitchen: -----> Starting Kitchen (v1.3.1)
I, [2015-04-15T13:18:12.310245 #1870]  INFO -- Kitchen: -----> Destroying <default-ubuntu-1204>...
I, [2015-04-15T13:18:16.755635 #1870]  INFO -- Kitchen: -----> Kitchen is finished. (0m4.79s)
I, [2015-04-15T13:18:20.580415 #2064]  INFO -- Kitchen: -----> Starting Kitchen (v1.3.1)
I, [2015-04-15T13:18:20.911138 #2064]  INFO -- Kitchen: -----> Creating <default-ubuntu-1204>...
I, [2015-04-15T13:19:33.177873 #2064]  INFO -- Kitchen: -----> Converging <default-ubuntu-1204>...
I, [2015-04-15T13:20:56.798794 #2064]  INFO -- Kitchen: -----> Kitchen is finished. (2m36.22s)
I, [2015-04-15T13:22:17.071497 #7459]  INFO -- Kitchen: -----> Starting Kitchen (v1.3.1)
I, [2015-04-15T13:22:17.905605 #7459]  INFO -- Kitchen: -----> Converging <default-ubuntu-1204>...
E, [2015-04-15T13:22:25.383733 #7459] ERROR -- Kitchen: Converge failed on instance <default-ubuntu-1204>.
I, [2015-04-15T13:22:57.074140 #7725]  INFO -- Kitchen: -----> Starting Kitchen (v1.3.1)
I, [2015-04-15T13:22:57.636170 #7725]  INFO -- Kitchen: -----> Converging <default-ubuntu-1204>...
E, [2015-04-15T13:23:05.011769 #7725] ERROR -- Kitchen: Converge failed on instance <default-ubuntu-1204>.
I, [2015-04-15T13:23:32.185898 #7964]  INFO -- Kitchen: -----> Starting Kitchen (v1.3.1)
I, [2015-04-15T13:23:32.671224 #7964]  INFO -- Kitchen: -----> Converging <default-ubuntu-1204>...
I, [2015-04-15T13:23:43.995918 #7964]  INFO -- Kitchen: -----> Kitchen is finished. (0m11.81s)
I, [2015-04-15T13:27:32.608140 #8241]  INFO -- Kitchen: -----> Starting Kitchen (v1.3.1)
I, [2015-04-15T13:27:32.979186 #8241]  INFO -- Kitchen: -----> Converging <default-ubuntu-1204>...
I, [2015-04-15T13:27:43.486398 #8241]  INFO -- Kitchen: -----> Kitchen is finished. (0m10.88s)
I, [2015-04-15T13:28:53.801240 #8506]  INFO -- Kitchen: -----> Starting Kitchen (v1.3.1)
I, [2015-04-15T13:28:54.136217 #8506]  INFO -- Kitchen: -----> Converging <default-ubuntu-1204>...
E, [2015-04-15T13:29:00.771224 #8506] ERROR -- Kitchen: Converge failed on instance <default-ubuntu-1204>.
I, [2015-04-15T13:29:24.406391 #8729]  INFO -- Kitchen: -----> Starting Kitchen (v1.3.1)
I, [2015-04-15T13:29:24.788051 #8729]  INFO -- Kitchen: -----> Converging <default-ubuntu-1204>...
E, [2015-04-15T13:29:31.553072 #8729] ERROR -- Kitchen: Converge failed on instance <default-ubuntu-1204>.
I, [2015-04-15T13:30:16.155483 #8954]  INFO -- Kitchen: -----> Starting Kitchen (v1.3.1)
I, [2015-04-15T13:30:16.506161 #8954]  INFO -- Kitchen: -----> Converging <default-ubuntu-1204>...
E, [2015-04-15T13:30:23.126757 #8954] ERROR -- Kitchen: Converge failed on instance <default-ubuntu-1204>.
I, [2015-04-15T13:31:17.792420 #9219]  INFO -- Kitchen: -----> Starting Kitchen (v1.3.1)
I, [2015-04-15T13:31:18.122554 #9219]  INFO -- Kitchen: -----> Converging <default-ubuntu-1204>...
E, [2015-04-15T13:31:24.681929 #9219] ERROR -- Kitchen: Converge failed on instance <default-ubuntu-1204>.
I, [2015-04-15T13:32:18.983256 #9459]  INFO -- Kitchen: -----> Starting Kitchen (v1.3.1)
I, [2015-04-15T13:32:19.320760 #9459]  INFO -- Kitchen: -----> Converging <default-ubuntu-1204>...
E, [2015-04-15T13:32:26.121601 #9459] ERROR -- Kitchen: Converge failed on instance <default-ubuntu-1204>.
I, [2015-04-15T13:32:52.370297 #9709]  INFO -- Kitchen: -----> Starting Kitchen (v1.3.1)
I, [2015-04-15T13:32:52.702229 #9709]  INFO -- Kitchen: -----> Converging <default-ubuntu-1204>...
E, [2015-04-15T13:32:59.277161 #9709] ERROR -- Kitchen: Converge failed on instance <default-ubuntu-1204>.
I, [2015-04-15T13:33:25.907804 #9951]  INFO -- Kitchen: -----> Starting Kitchen (v1.3.1)
I, [2015-04-15T13:33:26.264010 #9951]  INFO -- Kitchen: -----> Converging <default-ubuntu-1204>...
I, [2015-04-15T13:33:36.553066 #9951]  INFO -- Kitchen: -----> Kitchen is finished. (0m10.64s)
I, [2015-04-15T13:38:04.459156 #10374]  INFO -- Kitchen: -----> Starting Kitchen (v1.3.1)
I, [2015-04-15T13:38:04.804689 #10374]  INFO -- Kitchen: -----> Converging <default-ubuntu-1204>...
E, [2015-04-15T13:38:11.359060 #10374] ERROR -- Kitchen: Converge failed on instance <default-ubuntu-1204>.
I, [2015-04-15T13:40:26.769724 #10618]  INFO -- Kitchen: -----> Starting Kitchen (v1.3.1)
I, [2015-04-15T13:40:27.133567 #10618]  INFO -- Kitchen: -----> Converging <default-ubuntu-1204>...
E, [2015-04-15T13:40:33.855352 #10618] ERROR -- Kitchen: Converge failed on instance <default-ubuntu-1204>.
I, [2015-04-15T13:41:25.889819 #10859]  INFO -- Kitchen: -----> Starting Kitchen (v1.3.1)
I, [2015-04-15T13:41:26.246059 #10859]  INFO -- Kitchen: -----> Converging <default-ubuntu-1204>...
E, [2015-04-15T13:41:32.957767 #10859] ERROR -- Kitchen: Converge failed on instance <default-ubuntu-1204>.
I, [2015-04-15T13:41:46.797719 #11099]  INFO -- Kitchen: -----> Starting Kitchen (v1.3.1)
I, [2015-04-15T13:41:47.155997 #11099]  INFO -- Kitchen: -----> Converging <default-ubuntu-1204>...
E, [2015-04-15T13:41:53.763886 #11099] ERROR -- Kitchen: Converge failed on instance <default-ubuntu-1204>.
I, [2015-04-15T13:42:35.435480 #11339]  INFO -- Kitchen: -----> Starting Kitchen (v1.3.1)
I, [2015-04-15T13:42:35.773763 #11339]  INFO -- Kitchen: -----> Converging <default-ubuntu-1204>...
I, [2015-04-15T13:42:46.063873 #11339]  INFO -- Kitchen: -----> Kitchen is finished. (0m10.63s)
I, [2015-04-15T13:46:25.092543 #11796]  INFO -- Kitchen: -----> Starting Kitchen (v1.3.1)
I, [2015-04-15T13:46:25.436272 #11796]  INFO -- Kitchen: -----> Converging <default-ubuntu-1204>...
I, [2015-04-15T13:46:36.056412 #11796]  INFO -- Kitchen: -----> Kitchen is finished. (0m10.96s)
I, [2015-04-15T13:54:29.837437 #12124]  INFO -- Kitchen: -----> Starting Kitchen (v1.3.1)
I, [2015-04-15T13:54:30.176521 #12124]  INFO -- Kitchen: -----> Destroying <default-ubuntu-1204>...
I, [2015-04-15T13:54:34.978133 #12124]  INFO -- Kitchen: -----> Kitchen is finished. (0m5.14s)
I, [2015-04-15T13:54:46.094902 #12333]  INFO -- Kitchen: -----> Starting Kitchen (v1.3.1)
I, [2015-04-15T13:54:46.431421 #12333]  INFO -- Kitchen: -----> Creating <default-ubuntu-1204>...
I, [2015-04-15T13:56:09.290478 #12333]  INFO -- Kitchen: -----> Converging <default-ubuntu-1204>...
I, [2015-04-15T13:58:00.612151 #12333]  INFO -- Kitchen: -----> Kitchen is finished. (3m14.52s)
I, [2015-04-15T14:04:07.123875 #17843]  INFO -- Kitchen: -----> Starting Kitchen (v1.3.1)
I, [2015-04-15T14:04:07.495550 #17843]  INFO -- Kitchen: -----> Converging <default-ubuntu-1204>...
I, [2015-04-15T14:04:18.317931 #17843]  INFO -- Kitchen: -----> Kitchen is finished. (0m11.19s)
